// Output created by jacc on Sun Jan 20 21:22:28 CET 2013

state 0 (entry on top)
    $accept : _top $end

    IDENT shift 3
    INT shift 4
    '!' shift 5
    '(' shift 6
    '+' shift 7
    '-' shift 8
    . error

    top goto 1
    expr goto 2

state 1 (entry on top)
    $accept : top_$end

    $end accept
    . error

state 2 (entry on expr)
    top : expr_    (1)
    expr : expr_'*' expr    (5)
    expr : expr_'/' expr    (6)
    expr : expr_'+' expr    (7)
    expr : expr_'-' expr    (8)
    expr : expr_EQ expr    (9)
    expr : expr_NEQ expr    (10)
    expr : expr_'>' expr    (11)
    expr : expr_'<' expr    (12)
    expr : expr_GEQ expr    (13)
    expr : expr_LEQ expr    (14)
    expr : expr_AND expr    (15)
    expr : expr_OR expr    (16)

    AND shift 9
    EQ shift 10
    GEQ shift 11
    LEQ shift 12
    NEQ shift 13
    OR shift 14
    '*' shift 15
    '+' shift 16
    '-' shift 17
    '/' shift 18
    '<' shift 19
    '>' shift 20
    $end reduce 1
    . error

state 3 (entry on IDENT)
    expr : IDENT_    (18)

    '!' error
    UPLUS error
    UMIN error
    '(' error
    error error
    IDENT error
    INT error
    UNOT error
    . reduce 18

state 4 (entry on INT)
    expr : INT_    (17)

    '!' error
    UPLUS error
    UMIN error
    '(' error
    error error
    IDENT error
    INT error
    UNOT error
    . reduce 17

state 5 (entry on '!')
    expr : '!'_expr    (4)

    IDENT shift 3
    INT shift 4
    '!' shift 5
    '(' shift 6
    '+' shift 7
    '-' shift 8
    . error

    expr goto 21

state 6 (entry on '(')
    expr : '('_expr ')'    (19)

    IDENT shift 3
    INT shift 4
    '!' shift 5
    '(' shift 6
    '+' shift 7
    '-' shift 8
    . error

    expr goto 22

state 7 (entry on '+')
    expr : '+'_expr    (2)

    IDENT shift 3
    INT shift 4
    '!' shift 5
    '(' shift 6
    '+' shift 7
    '-' shift 8
    . error

    expr goto 23

state 8 (entry on '-')
    expr : '-'_expr    (3)

    IDENT shift 3
    INT shift 4
    '!' shift 5
    '(' shift 6
    '+' shift 7
    '-' shift 8
    . error

    expr goto 24

state 9 (entry on AND)
    expr : expr AND_expr    (15)

    IDENT shift 3
    INT shift 4
    '!' shift 5
    '(' shift 6
    '+' shift 7
    '-' shift 8
    . error

    expr goto 25

state 10 (entry on EQ)
    expr : expr EQ_expr    (9)

    IDENT shift 3
    INT shift 4
    '!' shift 5
    '(' shift 6
    '+' shift 7
    '-' shift 8
    . error

    expr goto 26

state 11 (entry on GEQ)
    expr : expr GEQ_expr    (13)

    IDENT shift 3
    INT shift 4
    '!' shift 5
    '(' shift 6
    '+' shift 7
    '-' shift 8
    . error

    expr goto 27

state 12 (entry on LEQ)
    expr : expr LEQ_expr    (14)

    IDENT shift 3
    INT shift 4
    '!' shift 5
    '(' shift 6
    '+' shift 7
    '-' shift 8
    . error

    expr goto 28

state 13 (entry on NEQ)
    expr : expr NEQ_expr    (10)

    IDENT shift 3
    INT shift 4
    '!' shift 5
    '(' shift 6
    '+' shift 7
    '-' shift 8
    . error

    expr goto 29

state 14 (entry on OR)
    expr : expr OR_expr    (16)

    IDENT shift 3
    INT shift 4
    '!' shift 5
    '(' shift 6
    '+' shift 7
    '-' shift 8
    . error

    expr goto 30

state 15 (entry on '*')
    expr : expr '*'_expr    (5)

    IDENT shift 3
    INT shift 4
    '!' shift 5
    '(' shift 6
    '+' shift 7
    '-' shift 8
    . error

    expr goto 31

state 16 (entry on '+')
    expr : expr '+'_expr    (7)

    IDENT shift 3
    INT shift 4
    '!' shift 5
    '(' shift 6
    '+' shift 7
    '-' shift 8
    . error

    expr goto 32

state 17 (entry on '-')
    expr : expr '-'_expr    (8)

    IDENT shift 3
    INT shift 4
    '!' shift 5
    '(' shift 6
    '+' shift 7
    '-' shift 8
    . error

    expr goto 33

state 18 (entry on '/')
    expr : expr '/'_expr    (6)

    IDENT shift 3
    INT shift 4
    '!' shift 5
    '(' shift 6
    '+' shift 7
    '-' shift 8
    . error

    expr goto 34

state 19 (entry on '<')
    expr : expr '<'_expr    (12)

    IDENT shift 3
    INT shift 4
    '!' shift 5
    '(' shift 6
    '+' shift 7
    '-' shift 8
    . error

    expr goto 35

state 20 (entry on '>')
    expr : expr '>'_expr    (11)

    IDENT shift 3
    INT shift 4
    '!' shift 5
    '(' shift 6
    '+' shift 7
    '-' shift 8
    . error

    expr goto 36

state 21 (entry on expr)
    expr : '!' expr_    (4)
    expr : expr_'*' expr    (5)
    expr : expr_'/' expr    (6)
    expr : expr_'+' expr    (7)
    expr : expr_'-' expr    (8)
    expr : expr_EQ expr    (9)
    expr : expr_NEQ expr    (10)
    expr : expr_'>' expr    (11)
    expr : expr_'<' expr    (12)
    expr : expr_GEQ expr    (13)
    expr : expr_LEQ expr    (14)
    expr : expr_AND expr    (15)
    expr : expr_OR expr    (16)

    '!' error
    UPLUS error
    UMIN error
    '(' error
    error error
    IDENT error
    INT error
    UNOT error
    . reduce 4

state 22 (entry on expr)
    expr : expr_'*' expr    (5)
    expr : expr_'/' expr    (6)
    expr : expr_'+' expr    (7)
    expr : expr_'-' expr    (8)
    expr : expr_EQ expr    (9)
    expr : expr_NEQ expr    (10)
    expr : expr_'>' expr    (11)
    expr : expr_'<' expr    (12)
    expr : expr_GEQ expr    (13)
    expr : expr_LEQ expr    (14)
    expr : expr_AND expr    (15)
    expr : expr_OR expr    (16)
    expr : '(' expr_')'    (19)

    AND shift 9
    EQ shift 10
    GEQ shift 11
    LEQ shift 12
    NEQ shift 13
    OR shift 14
    '*' shift 15
    '+' shift 16
    '-' shift 17
    '/' shift 18
    '<' shift 19
    '>' shift 20
    ')' shift 37
    . error

state 23 (entry on expr)
    expr : '+' expr_    (2)
    expr : expr_'*' expr    (5)
    expr : expr_'/' expr    (6)
    expr : expr_'+' expr    (7)
    expr : expr_'-' expr    (8)
    expr : expr_EQ expr    (9)
    expr : expr_NEQ expr    (10)
    expr : expr_'>' expr    (11)
    expr : expr_'<' expr    (12)
    expr : expr_GEQ expr    (13)
    expr : expr_LEQ expr    (14)
    expr : expr_AND expr    (15)
    expr : expr_OR expr    (16)

    '!' error
    UPLUS error
    UMIN error
    '(' error
    error error
    IDENT error
    INT error
    UNOT error
    . reduce 2

state 24 (entry on expr)
    expr : '-' expr_    (3)
    expr : expr_'*' expr    (5)
    expr : expr_'/' expr    (6)
    expr : expr_'+' expr    (7)
    expr : expr_'-' expr    (8)
    expr : expr_EQ expr    (9)
    expr : expr_NEQ expr    (10)
    expr : expr_'>' expr    (11)
    expr : expr_'<' expr    (12)
    expr : expr_GEQ expr    (13)
    expr : expr_LEQ expr    (14)
    expr : expr_AND expr    (15)
    expr : expr_OR expr    (16)

    '!' error
    UPLUS error
    UMIN error
    '(' error
    error error
    IDENT error
    INT error
    UNOT error
    . reduce 3

state 25 (entry on expr)
    expr : expr_'*' expr    (5)
    expr : expr_'/' expr    (6)
    expr : expr_'+' expr    (7)
    expr : expr_'-' expr    (8)
    expr : expr_EQ expr    (9)
    expr : expr_NEQ expr    (10)
    expr : expr_'>' expr    (11)
    expr : expr_'<' expr    (12)
    expr : expr_GEQ expr    (13)
    expr : expr_LEQ expr    (14)
    expr : expr_AND expr    (15)
    expr : expr AND expr_    (15)
    expr : expr_OR expr    (16)

    EQ shift 10
    GEQ shift 11
    LEQ shift 12
    NEQ shift 13
    '*' shift 15
    '+' shift 16
    '-' shift 17
    '/' shift 18
    '<' shift 19
    '>' shift 20
    ')' reduce 15
    $end reduce 15
    OR reduce 15
    AND reduce 15
    . error

state 26 (entry on expr)
    expr : expr_'*' expr    (5)
    expr : expr_'/' expr    (6)
    expr : expr_'+' expr    (7)
    expr : expr_'-' expr    (8)
    expr : expr_EQ expr    (9)
    expr : expr EQ expr_    (9)
    expr : expr_NEQ expr    (10)
    expr : expr_'>' expr    (11)
    expr : expr_'<' expr    (12)
    expr : expr_GEQ expr    (13)
    expr : expr_LEQ expr    (14)
    expr : expr_AND expr    (15)
    expr : expr_OR expr    (16)

    UNOT error
    INT error
    error error
    UMIN error
    IDENT error
    '(' error
    '!' error
    UPLUS error
    '*' shift 15
    '+' shift 16
    '-' shift 17
    '/' shift 18
    . reduce 9

state 27 (entry on expr)
    expr : expr_'*' expr    (5)
    expr : expr_'/' expr    (6)
    expr : expr_'+' expr    (7)
    expr : expr_'-' expr    (8)
    expr : expr_EQ expr    (9)
    expr : expr_NEQ expr    (10)
    expr : expr_'>' expr    (11)
    expr : expr_'<' expr    (12)
    expr : expr_GEQ expr    (13)
    expr : expr GEQ expr_    (13)
    expr : expr_LEQ expr    (14)
    expr : expr_AND expr    (15)
    expr : expr_OR expr    (16)

    UNOT error
    INT error
    error error
    UMIN error
    IDENT error
    '(' error
    '!' error
    UPLUS error
    '*' shift 15
    '+' shift 16
    '-' shift 17
    '/' shift 18
    . reduce 13

state 28 (entry on expr)
    expr : expr_'*' expr    (5)
    expr : expr_'/' expr    (6)
    expr : expr_'+' expr    (7)
    expr : expr_'-' expr    (8)
    expr : expr_EQ expr    (9)
    expr : expr_NEQ expr    (10)
    expr : expr_'>' expr    (11)
    expr : expr_'<' expr    (12)
    expr : expr_GEQ expr    (13)
    expr : expr_LEQ expr    (14)
    expr : expr LEQ expr_    (14)
    expr : expr_AND expr    (15)
    expr : expr_OR expr    (16)

    UNOT error
    INT error
    error error
    UMIN error
    IDENT error
    '(' error
    '!' error
    UPLUS error
    '*' shift 15
    '+' shift 16
    '-' shift 17
    '/' shift 18
    . reduce 14

state 29 (entry on expr)
    expr : expr_'*' expr    (5)
    expr : expr_'/' expr    (6)
    expr : expr_'+' expr    (7)
    expr : expr_'-' expr    (8)
    expr : expr_EQ expr    (9)
    expr : expr_NEQ expr    (10)
    expr : expr NEQ expr_    (10)
    expr : expr_'>' expr    (11)
    expr : expr_'<' expr    (12)
    expr : expr_GEQ expr    (13)
    expr : expr_LEQ expr    (14)
    expr : expr_AND expr    (15)
    expr : expr_OR expr    (16)

    UNOT error
    INT error
    error error
    UMIN error
    IDENT error
    '(' error
    '!' error
    UPLUS error
    '*' shift 15
    '+' shift 16
    '-' shift 17
    '/' shift 18
    . reduce 10

state 30 (entry on expr)
    expr : expr_'*' expr    (5)
    expr : expr_'/' expr    (6)
    expr : expr_'+' expr    (7)
    expr : expr_'-' expr    (8)
    expr : expr_EQ expr    (9)
    expr : expr_NEQ expr    (10)
    expr : expr_'>' expr    (11)
    expr : expr_'<' expr    (12)
    expr : expr_GEQ expr    (13)
    expr : expr_LEQ expr    (14)
    expr : expr_AND expr    (15)
    expr : expr_OR expr    (16)
    expr : expr OR expr_    (16)

    AND shift 9
    EQ shift 10
    GEQ shift 11
    LEQ shift 12
    NEQ shift 13
    '*' shift 15
    '+' shift 16
    '-' shift 17
    '/' shift 18
    '<' shift 19
    '>' shift 20
    ')' reduce 16
    $end reduce 16
    OR reduce 16
    . error

state 31 (entry on expr)
    expr : expr_'*' expr    (5)
    expr : expr '*' expr_    (5)
    expr : expr_'/' expr    (6)
    expr : expr_'+' expr    (7)
    expr : expr_'-' expr    (8)
    expr : expr_EQ expr    (9)
    expr : expr_NEQ expr    (10)
    expr : expr_'>' expr    (11)
    expr : expr_'<' expr    (12)
    expr : expr_GEQ expr    (13)
    expr : expr_LEQ expr    (14)
    expr : expr_AND expr    (15)
    expr : expr_OR expr    (16)

    '!' error
    UPLUS error
    UMIN error
    '(' error
    error error
    IDENT error
    INT error
    UNOT error
    . reduce 5

state 32 (entry on expr)
    expr : expr_'*' expr    (5)
    expr : expr_'/' expr    (6)
    expr : expr_'+' expr    (7)
    expr : expr '+' expr_    (7)
    expr : expr_'-' expr    (8)
    expr : expr_EQ expr    (9)
    expr : expr_NEQ expr    (10)
    expr : expr_'>' expr    (11)
    expr : expr_'<' expr    (12)
    expr : expr_GEQ expr    (13)
    expr : expr_LEQ expr    (14)
    expr : expr_AND expr    (15)
    expr : expr_OR expr    (16)

    INT error
    error error
    UMIN error
    IDENT error
    '(' error
    '!' error
    UPLUS error
    UNOT error
    '*' shift 15
    '/' shift 18
    . reduce 7

state 33 (entry on expr)
    expr : expr_'*' expr    (5)
    expr : expr_'/' expr    (6)
    expr : expr_'+' expr    (7)
    expr : expr_'-' expr    (8)
    expr : expr '-' expr_    (8)
    expr : expr_EQ expr    (9)
    expr : expr_NEQ expr    (10)
    expr : expr_'>' expr    (11)
    expr : expr_'<' expr    (12)
    expr : expr_GEQ expr    (13)
    expr : expr_LEQ expr    (14)
    expr : expr_AND expr    (15)
    expr : expr_OR expr    (16)

    INT error
    error error
    UMIN error
    IDENT error
    '(' error
    '!' error
    UPLUS error
    UNOT error
    '*' shift 15
    '/' shift 18
    . reduce 8

state 34 (entry on expr)
    expr : expr_'*' expr    (5)
    expr : expr_'/' expr    (6)
    expr : expr '/' expr_    (6)
    expr : expr_'+' expr    (7)
    expr : expr_'-' expr    (8)
    expr : expr_EQ expr    (9)
    expr : expr_NEQ expr    (10)
    expr : expr_'>' expr    (11)
    expr : expr_'<' expr    (12)
    expr : expr_GEQ expr    (13)
    expr : expr_LEQ expr    (14)
    expr : expr_AND expr    (15)
    expr : expr_OR expr    (16)

    '!' error
    UPLUS error
    UMIN error
    '(' error
    error error
    IDENT error
    INT error
    UNOT error
    . reduce 6

state 35 (entry on expr)
    expr : expr_'*' expr    (5)
    expr : expr_'/' expr    (6)
    expr : expr_'+' expr    (7)
    expr : expr_'-' expr    (8)
    expr : expr_EQ expr    (9)
    expr : expr_NEQ expr    (10)
    expr : expr_'>' expr    (11)
    expr : expr_'<' expr    (12)
    expr : expr '<' expr_    (12)
    expr : expr_GEQ expr    (13)
    expr : expr_LEQ expr    (14)
    expr : expr_AND expr    (15)
    expr : expr_OR expr    (16)

    UNOT error
    INT error
    error error
    UMIN error
    IDENT error
    '(' error
    '!' error
    UPLUS error
    '*' shift 15
    '+' shift 16
    '-' shift 17
    '/' shift 18
    . reduce 12

state 36 (entry on expr)
    expr : expr_'*' expr    (5)
    expr : expr_'/' expr    (6)
    expr : expr_'+' expr    (7)
    expr : expr_'-' expr    (8)
    expr : expr_EQ expr    (9)
    expr : expr_NEQ expr    (10)
    expr : expr_'>' expr    (11)
    expr : expr '>' expr_    (11)
    expr : expr_'<' expr    (12)
    expr : expr_GEQ expr    (13)
    expr : expr_LEQ expr    (14)
    expr : expr_AND expr    (15)
    expr : expr_OR expr    (16)

    UNOT error
    INT error
    error error
    UMIN error
    IDENT error
    '(' error
    '!' error
    UPLUS error
    '*' shift 15
    '+' shift 16
    '-' shift 17
    '/' shift 18
    . reduce 11

state 37 (entry on ')')
    expr : '(' expr ')'_    (19)

    '!' error
    UPLUS error
    UMIN error
    '(' error
    error error
    IDENT error
    INT error
    UNOT error
    . reduce 19

22 terminals, 2 nonterminals;
19 grammar rules, 38 states;
0 shift/reduce and 0 reduce/reduce conflicts reported.
